<?xml version="1.0" encoding="UTF-8"?>
<!-- Generated by org.testng.reporters.JUnitReportReporter -->
<testsuite hostname="TYSS-Shobha" failures="0" tests="1" name="AdvanceScenarios.HandlingAutoSuggestionEx1Test" time="14.189" errors="0" timestamp="2024-09-02T10:35:59 IST" skipped="0">
  <testcase classname="AdvanceScenarios.HandlingAutoSuggestionEx1Test" name="suggestion" time="14.189"/>
</testsuite> <!-- AdvanceScenarios.HandlingAutoSuggestionEx1Test -->
