<?xml version="1.0" encoding="UTF-8"?>
<!-- Generated by org.testng.reporters.JUnitReportReporter -->
<testsuite hostname="TYSS-Shobha" failures="0" tests="3" name="testNgPratice.SampleTest" time="0.012" errors="0" timestamp="2024-08-31T10:44:21 IST" skipped="0">
  <testcase classname="testNgPratice.SampleTest" name="deleteContact" time="0.001"/>
  <testcase classname="testNgPratice.SampleTest" name="modifyContact" time="0.001"/>
  <testcase classname="testNgPratice.SampleTest" name="createContact" time="0.010"/>
</testsuite> <!-- testNgPratice.SampleTest -->
