<?xml version="1.0" encoding="UTF-8"?>
<!-- Generated by org.testng.reporters.JUnitReportReporter -->
<testsuite hostname="TYSS-Shobha" failures="0" tests="1" name="demo.AbsoluteXpath" time="7.519" errors="0" timestamp="2024-09-02T10:35:59 IST" skipped="0">
  <testcase classname="demo.AbsoluteXpath" name="AbsoluteXpath" time="7.519"/>
</testsuite> <!-- demo.AbsoluteXpath -->
