<?xml version="1.0" encoding="UTF-8"?>
<!-- Generated by org.testng.reporters.JUnitReportReporter -->
<testsuite hostname="TYSS-Shobha" failures="0" tests="1" name="Popups.AuthenticationPopupTest" time="5.649" errors="0" timestamp="2024-08-31T11:07:29 IST" skipped="0">
  <testcase classname="Popups.AuthenticationPopupTest" name="authenticationPopupTest" time="5.649"/>
</testsuite> <!-- Popups.AuthenticationPopupTest -->
